#
# There is insufficient memory for the Java Runtime Environment to continue.
# Native memory allocation (mmap) failed to map 266338304 bytes for Failed to commit area from 0x0000000702e00000 to 0x0000000712c00000 of length 266338304.
# Possible reasons:
#   The system is out of physical RAM or swap space
#   The process is running with CompressedOops enabled, and the Java Heap may be blocking the growth of the native heap
# Possible solutions:
#   Reduce memory load on the system
#   Increase physical memory or swap space
#   Check if swap backing store is full
#   Decrease Java heap size (-Xmx/-Xms)
#   Decrease number of Java threads
#   Decrease Java thread stack sizes (-Xss)
#   Set larger code cache with -XX:ReservedCodeCacheSize=
# This output file may be truncated or incomplete.
#
#  Out of Memory Error (./src/hotspot/os/windows/os_windows.cpp:3387), pid=16460, tid=31724
#
# JRE version:  (11.0.14.1+1) (build )
# Java VM: OpenJDK 64-Bit Server VM (11.0.14.1+1, mixed mode, sharing, tiered, compressed oops, g1 gc, windows-amd64)
# No core dump will be written. Minidumps are not enabled by default on client versions of Windows
#

---------------  S U M M A R Y ------------

Command Line: 

Host: 12th Gen Intel(R) Core(TM) i5-12400F, 12 cores, 15G,  Windows 10 , 64 bit Build 19041 (10.0.19041.3636)
Time: Fri Mar 22 10:44:42 2024 SE Asia Standard Time elapsed time: 0.007094 seconds (0d 0h 0m 0s)

---------------  T H R E A D  ---------------

Current thread (0x000002a37f821000):  JavaThread "Unknown thread" [_thread_in_vm, id=31724, stack(0x000000cbfd000000,0x000000cbfd100000)]

Stack: [0x000000cbfd000000,0x000000cbfd100000]
Native frames: (J=compiled Java code, j=interpreted, Vv=VM code, C=native code)
V  [jvm.dll+0x61e59a]
V  [jvm.dll+0x7aaca9]
V  [jvm.dll+0x7ac398]
V  [jvm.dll+0x7aca73]
V  [jvm.dll+0x24f9b8]
V  [jvm.dll+0x61b83a]
V  [jvm.dll+0x6100c5]
V  [jvm.dll+0x30772c]
V  [jvm.dll+0x3075b2]
V  [jvm.dll+0x30c2d6]
V  [jvm.dll+0x35272f]
V  [jvm.dll+0x352160]
V  [jvm.dll+0x2e4728]
V  [jvm.dll+0x2e5886]
V  [jvm.dll+0x784b07]
V  [jvm.dll+0x78628f]
V  [jvm.dll+0x35f479]
V  [jvm.dll+0x767aa0]
V  [jvm.dll+0x3ccf1f]
V  [jvm.dll+0x3cf2b1]
C  [jli.dll+0x5207]
C  [ucrtbase.dll+0x21bb2]
C  [KERNEL32.DLL+0x17344]
C  [ntdll.dll+0x526b1]


---------------  P R O C E S S  ---------------

Threads class SMR info:
_java_thread_list=0x000002a37eac30d0, length=0, elements={
}

Java Threads: ( => current thread )

Other Threads:
  0x000002a37f838800 GCTaskThread "GC Thread#0" [stack: 0x000000cbfd100000,0x000000cbfd200000] [id=34472]
  0x000002a37f897000 ConcurrentGCThread "G1 Main Marker" [stack: 0x000000cbfd200000,0x000000cbfd300000] [id=23080]
  0x000002a37f898800 ConcurrentGCThread "G1 Conc#0" [stack: 0x000000cbfd300000,0x000000cbfd400000] [id=14184]

[error occurred during error reporting (printing all threads), id 0xc0000005, EXCEPTION_ACCESS_VIOLATION (0xc0000005) at pc=0x00007ffa29f83ef7]

VM state:not at safepoint (not fully initialized)

VM Mutex/Monitor currently owned by a thread:  ([mutex/lock_event])
[0x000002a37f81e5f0] Heap_lock - owner thread: 0x000002a37f821000

Heap address: 0x0000000702e00000, size: 4050 MB, Compressed Oops mode: Non-zero based: 0x0000000702e00000
Narrow klass base: 0x0000000000000000, Narrow klass shift: 0

GC Heap History (0 events):
No events

Deoptimization events (0 events):
No events

Classes redefined (0 events):
No events

Internal exceptions (0 events):
No events

Events (1 events):
Event: 0.004 Loaded shared library C:\Program Files\Unity\Hub\Editor\2022.3.20f1\Editor\Data\PlaybackEngines\AndroidPlayer\OpenJDK\bin\zip.dll


Dynamic libraries:
0x00007ff740ee0000 - 0x00007ff740eed000 	C:\Program Files\Unity\Hub\Editor\2022.3.20f1\Editor\Data\PlaybackEngines\AndroidPlayer\OpenJDK\bin\java.exe
0x00007ffa95bd0000 - 0x00007ffa95dc8000 	C:\WINDOWS\SYSTEM32\ntdll.dll
0x00007ffa954d0000 - 0x00007ffa9558d000 	C:\WINDOWS\System32\KERNEL32.DLL
0x00007ffa93710000 - 0x00007ffa93a06000 	C:\WINDOWS\System32\KERNELBASE.dll
0x00007ffa93b00000 - 0x00007ffa93c00000 	C:\WINDOWS\System32\ucrtbase.dll
0x00007ffa7b860000 - 0x00007ffa7b875000 	C:\Program Files\Unity\Hub\Editor\2022.3.20f1\Editor\Data\PlaybackEngines\AndroidPlayer\OpenJDK\bin\VCRUNTIME140.dll
0x00007ffa79040000 - 0x00007ffa79057000 	C:\Program Files\Unity\Hub\Editor\2022.3.20f1\Editor\Data\PlaybackEngines\AndroidPlayer\OpenJDK\bin\jli.dll
0x00007ffa93c60000 - 0x00007ffa93dfe000 	C:\WINDOWS\System32\USER32.dll
0x00007ffa93a80000 - 0x00007ffa93aa2000 	C:\WINDOWS\System32\win32u.dll
0x00007ffa7eb40000 - 0x00007ffa7edda000 	C:\WINDOWS\WinSxS\amd64_microsoft.windows.common-controls_6595b64144ccf1df_6.0.19041.3636_none_60b6a03d71f818d5\COMCTL32.dll
0x00007ffa94080000 - 0x00007ffa940ab000 	C:\WINDOWS\System32\GDI32.dll
0x00007ffa94200000 - 0x00007ffa9429e000 	C:\WINDOWS\System32\msvcrt.dll
0x00007ffa934c0000 - 0x00007ffa935d7000 	C:\WINDOWS\System32\gdi32full.dll
0x00007ffa93670000 - 0x00007ffa9370d000 	C:\WINDOWS\System32\msvcp_win.dll
0x00007ffa95a10000 - 0x00007ffa95a42000 	C:\WINDOWS\System32\IMM32.DLL
0x00007ffa5fe90000 - 0x00007ffa5ff2b000 	C:\Program Files\Unity\Hub\Editor\2022.3.20f1\Editor\Data\PlaybackEngines\AndroidPlayer\OpenJDK\bin\msvcp140.dll
0x00007ffa29c90000 - 0x00007ffa2a811000 	C:\Program Files\Unity\Hub\Editor\2022.3.20f1\Editor\Data\PlaybackEngines\AndroidPlayer\OpenJDK\bin\server\jvm.dll
0x00007ffa94cb0000 - 0x00007ffa94d60000 	C:\WINDOWS\System32\ADVAPI32.dll
0x00007ffa94850000 - 0x00007ffa948f0000 	C:\WINDOWS\System32\sechost.dll
0x00007ffa95a50000 - 0x00007ffa95b75000 	C:\WINDOWS\System32\RPCRT4.dll
0x00007ffa93490000 - 0x00007ffa934b7000 	C:\WINDOWS\System32\bcrypt.dll
0x00007ffa95b80000 - 0x00007ffa95b88000 	C:\WINDOWS\System32\PSAPI.DLL
0x00007ffa81640000 - 0x00007ffa81667000 	C:\WINDOWS\SYSTEM32\WINMM.dll
0x00007ffa90310000 - 0x00007ffa90319000 	C:\WINDOWS\SYSTEM32\WSOCK32.dll
0x00007ffa8da20000 - 0x00007ffa8da2a000 	C:\WINDOWS\SYSTEM32\VERSION.dll
0x00007ffa94b90000 - 0x00007ffa94bfb000 	C:\WINDOWS\System32\WS2_32.dll
0x00007ffa91150000 - 0x00007ffa91162000 	C:\WINDOWS\SYSTEM32\kernel.appcore.dll
0x00007ffa7bc30000 - 0x00007ffa7bc40000 	C:\Program Files\Unity\Hub\Editor\2022.3.20f1\Editor\Data\PlaybackEngines\AndroidPlayer\OpenJDK\bin\verify.dll
0x00007ffa7fa60000 - 0x00007ffa7fc44000 	C:\WINDOWS\SYSTEM32\DBGHELP.DLL
0x00007ffa72300000 - 0x00007ffa72334000 	C:\WINDOWS\SYSTEM32\dbgcore.DLL
0x00007ffa935e0000 - 0x00007ffa93662000 	C:\WINDOWS\System32\bcryptPrimitives.dll
0x00007ffa63150000 - 0x00007ffa63178000 	C:\Program Files\Unity\Hub\Editor\2022.3.20f1\Editor\Data\PlaybackEngines\AndroidPlayer\OpenJDK\bin\java.dll
0x00007ffa7b850000 - 0x00007ffa7b85a000 	C:\Program Files\Unity\Hub\Editor\2022.3.20f1\Editor\Data\PlaybackEngines\AndroidPlayer\OpenJDK\bin\jimage.dll
0x00007ffa79020000 - 0x00007ffa79038000 	C:\Program Files\Unity\Hub\Editor\2022.3.20f1\Editor\Data\PlaybackEngines\AndroidPlayer\OpenJDK\bin\zip.dll

dbghelp: loaded successfully - version: 4.0.5 - missing functions: none
symbol engine: initialized successfully - sym options: 0x614 - pdb path: .;C:\Program Files\Unity\Hub\Editor\2022.3.20f1\Editor\Data\PlaybackEngines\AndroidPlayer\OpenJDK\bin;C:\WINDOWS\SYSTEM32;C:\WINDOWS\WinSxS\amd64_microsoft.windows.common-controls_6595b64144ccf1df_6.0.19041.3636_none_60b6a03d71f818d5;C:\Program Files\Unity\Hub\Editor\2022.3.20f1\Editor\Data\PlaybackEngines\AndroidPlayer\OpenJDK\bin\server

VM Arguments:
java_command: <unknown>
java_class_path (initial): <not set>
Launcher Type: SUN_STANDARD

[Global flags]
     intx CICompilerCount                          = 4                                         {product} {ergonomic}
     uint ConcGCThreads                            = 3                                         {product} {ergonomic}
     uint G1ConcRefinementThreads                  = 10                                        {product} {ergonomic}
   size_t G1HeapRegionSize                         = 1048576                                   {product} {ergonomic}
    uintx GCDrainStackTargetSize                   = 64                                        {product} {ergonomic}
   size_t InitialHeapSize                          = 266338304                                 {product} {ergonomic}
   size_t MarkStackSize                            = 4194304                                   {product} {ergonomic}
   size_t MaxHeapSize                              = 4246732800                                {product} {ergonomic}
   size_t MinHeapDeltaBytes                        = 1048576                                   {product} {ergonomic}
    uintx NonNMethodCodeHeapSize                   = 5836300                                {pd product} {ergonomic}
    uintx NonProfiledCodeHeapSize                  = 122910970                              {pd product} {ergonomic}
    uintx ProfiledCodeHeapSize                     = 122910970                              {pd product} {ergonomic}
    uintx ReservedCodeCacheSize                    = 251658240                              {pd product} {ergonomic}
     bool SegmentedCodeCache                       = true                                      {product} {ergonomic}
     bool UseCompressedClassPointers               = true                                 {lp64_product} {ergonomic}
     bool UseCompressedOops                        = true                                 {lp64_product} {ergonomic}
     bool UseG1GC                                  = true                                      {product} {ergonomic}
     bool UseLargePagesIndividualAllocation        = false                                  {pd product} {ergonomic}

Logging:
Log output configuration:
 #0: stdout all=warning uptime,level,tags
 #1: stderr all=off uptime,level,tags

Environment Variables:
JAVA_HOME=C:\Program Files\Unity\Hub\Editor\2022.3.20f1\Editor\Data\PlaybackEngines\AndroidPlayer\OpenJDK
PATH=C:\WINDOWS\system32;C:\WINDOWS;C:\WINDOWS\System32\Wbem;C:\WINDOWS\System32\WindowsPowerShell\v1.0\;C:\WINDOWS\System32\OpenSSH\;C:\Program Files\dotnet\;D:\UngDung\Git\cmd;C:\Program Files\Git LFS;C:\Users\admin\AppData\Local\Microsoft\WindowsApps;C:\Users\admin\AppData\Local\GitHubDesktop\bin
USERNAME=admin
OS=Windows_NT
PROCESSOR_IDENTIFIER=Intel64 Family 6 Model 151 Stepping 5, GenuineIntel



---------------  S Y S T E M  ---------------

OS: Windows 10 , 64 bit Build 19041 (10.0.19041.3636)
OS uptime: 2 days 17:07 hours

CPU:total 12 (initial active 12) (6 cores per cpu, 2 threads per core) family 6 model 151 stepping 5 microcode 0x26, cmov, cx8, fxsr, mmx, sse, sse2, sse3, ssse3, sse4.1, sse4.2, popcnt, avx, avx2, aes, clmul, erms, 3dnowpref, lzcnt, ht, tsc, tscinvbit, bmi1, bmi2, adx, sha, fma

Memory: 4k page, system-wide physical 16197M (482M free)
TotalPageFile size 46683M (AvailPageFile size 81M)
current process WorkingSet (physical memory assigned to process): 10M, peak: 10M
current process commit charge ("private bytes"): 65M, peak: 319M

vm_info: OpenJDK 64-Bit Server VM (11.0.14.1+1) for windows-amd64 JRE (11.0.14.1+1), built on Feb  9 2022 01:48:27 by "" with unknown MS VC++:1916

END.
